<?xml version="1.0" encoding="UTF-8"?>
<!-- Generated by org.testng.reporters.JUnitReportReporter -->
<testsuite hostname="DESKTOP-379HBJB" failures="0" tests="4" name="Pack2.Practice2" time="8.681" errors="1" timestamp="2024-03-19T12:55:03 IST" skipped="1">
  <testcase classname="Pack2.Practice2" name="loginfunction" time="0.284"/>
  <system-out/>
  <testcase classname="Pack2.Practice2" name="Globalsearch" time="7.622"/>
  <system-out/>
  <testcase classname="Pack2.Practice2" name="opensite" time="0.775">
    <error message="invalid selector: Unable to locate an element with the xpath expression https://www.amazon.in/Woodland-Leather-Sandal-8-GD-0491108NW/dp/B0BR5SQXYR/ref=sr_1_1?dd=F-Juw5blBzkRpB7GexthJQ%2C%2C&amp;dib=eyJ2IjoiMSJ9.DYyfLRy-BRTqDmY3cJBXzorvSHu1tiYMI1XUEfmRvSftbSJlzSCoa7wbta6beHzu5KHC_-Ybd1tglKIfLtPYjVWu5RJ_jbf6H-iVMy2XvPJUKSdO_tfk8vhg--yN-TzlfVAL5p-cTdmliveAfqI62OYUjcBSJNOefMlJJd9RlrRI_FztwqrLjqEPO9B9cmPoDifhN4t5X76HKunAiAcB44z73oleiPMDFNhalaMggmBTxiLm660O9mEyShLd2zHVOm3zpvKeF96IkU49rOkxqkY_CCF-Ipq_qOxed0RJaiE._XmqdY7nly-5njK0HXcTtMFEVN5DX67QAWrwzZWPiUY&amp;dib_tag=se&amp;keywords=woodland+shops&amp;qid=1710767052&amp;refinements=p_90%3A6741118031&amp;rnid=6741116031&amp;sr=8-1 because of the following error:
SyntaxError: Failed to execute &#039;evaluate&#039; on &#039;Document&#039;: The string &#039;https://www.amazon.in/Woodland-Leather-Sandal-8-GD-0491108NW/dp/B0BR5SQXYR/ref=sr_1_1?dd=F-Juw5blBzkRpB7GexthJQ%2C%2C&amp;dib=eyJ2IjoiMSJ9.DYyfLRy-BRTqDmY3cJBXzorvSHu1tiYMI1XUEfmRvSftbSJlzSCoa7wbta6beHzu5KHC_-Ybd1tglKIfLtPYjVWu5RJ_jbf6H-iVMy2XvPJUKSdO_tfk8vhg--yN-TzlfVAL5p-cTdmliveAfqI62OYUjcBSJNOefMlJJd9RlrRI_FztwqrLjqEPO9B9cmPoDifhN4t5X76HKunAiAcB44z73oleiPMDFNhalaMggmBTxiLm660O9mEyShLd2zHVOm3zpvKeF96IkU49rOkxqkY_CCF-Ipq_qOxed0RJaiE._XmqdY7nly-5njK0HXcTtMFEVN5DX67QAWrwzZWPiUY&amp;dib_tag=se&amp;keywords=woodland+shops&amp;qid=1710767052&amp;refinements=p_90%3A6741118031&amp;rnid=6741116031&amp;sr=8-1&#039; is not a valid XPath expression.
  (Session info: chrome=122.0.6261.129)
For documentation on this error, please visit: https://www.seleniumhq.org/exceptions/invalid_selector_exception.html
Build info: version: &#039;3.141.59&#039;, revision: &#039;e82be7d358&#039;, time: &#039;2018-11-14T08:17:03&#039;
System info: host: &#039;DESKTOP-379HBJB&#039;, ip: &#039;192.168.78.30&#039;, os.name: &#039;Windows 10&#039;, os.arch: &#039;amd64&#039;, os.version: &#039;10.0&#039;, java.version: &#039;17.0.6&#039;
Driver info: org.openqa.selenium.chrome.ChromeDriver
Capabilities {acceptInsecureCerts: false, browserName: chrome, browserVersion: 122.0.6261.129, chrome: {chromedriverVersion: 122.0.6261.128 (f18a44fedeb..., userDataDir: C:\Users\YUGEND~1\AppData\L...}, fedcm:accounts: true, goog:chromeOptions: {debuggerAddress: localhost:57704}, javascriptEnabled: true, networkConnectionEnabled: false, pageLoadStrategy: normal, platform: WINDOWS, platformName: WINDOWS, proxy: Proxy(), setWindowRect: true, strictFileInteractability: false, timeouts: {implicit: 0, pageLoad: 300000, script: 30000}, unhandledPromptBehavior: dismiss and notify, webauthn:extension:credBlob: true, webauthn:extension:largeBlob: true, webauthn:extension:minPinLength: true, webauthn:extension:prf: true, webauthn:virtualAuthenticators: true}
Session ID: b7ae0926071b87d4ef83fc8a08349d64
*** Element info: {Using=xpath, value=https://www.amazon.in/Woodland-Leather-Sandal-8-GD-0491108NW/dp/B0BR5SQXYR/ref=sr_1_1?dd=F-Juw5blBzkRpB7GexthJQ%2C%2C&amp;dib=eyJ2IjoiMSJ9.DYyfLRy-BRTqDmY3cJBXzorvSHu1tiYMI1XUEfmRvSftbSJlzSCoa7wbta6beHzu5KHC_-Ybd1tglKIfLtPYjVWu5RJ_jbf6H-iVMy2XvPJUKSdO_tfk8vhg--yN-TzlfVAL5p-cTdmliveAfqI62OYUjcBSJNOefMlJJd9RlrRI_FztwqrLjqEPO9B9cmPoDifhN4t5X76HKunAiAcB44z73oleiPMDFNhalaMggmBTxiLm660O9mEyShLd2zHVOm3zpvKeF96IkU49rOkxqkY_CCF-Ipq_qOxed0RJaiE._XmqdY7nly-5njK0HXcTtMFEVN5DX67QAWrwzZWPiUY&amp;dib_tag=se&amp;keywords=woodland+shops&amp;qid=1710767052&amp;refinements=p_90%3A6741118031&amp;rnid=6741116031&amp;sr=8-1}" type="org.openqa.selenium.InvalidSelectorException">
      <![CDATA[org.openqa.selenium.InvalidSelectorException: invalid selector: Unable to locate an element with the xpath expression https://www.amazon.in/Woodland-Leather-Sandal-8-GD-0491108NW/dp/B0BR5SQXYR/ref=sr_1_1?dd=F-Juw5blBzkRpB7GexthJQ%2C%2C&dib=eyJ2IjoiMSJ9.DYyfLRy-BRTqDmY3cJBXzorvSHu1tiYMI1XUEfmRvSftbSJlzSCoa7wbta6beHzu5KHC_-Ybd1tglKIfLtPYjVWu5RJ_jbf6H-iVMy2XvPJUKSdO_tfk8vhg--yN-TzlfVAL5p-cTdmliveAfqI62OYUjcBSJNOefMlJJd9RlrRI_FztwqrLjqEPO9B9cmPoDifhN4t5X76HKunAiAcB44z73oleiPMDFNhalaMggmBTxiLm660O9mEyShLd2zHVOm3zpvKeF96IkU49rOkxqkY_CCF-Ipq_qOxed0RJaiE._XmqdY7nly-5njK0HXcTtMFEVN5DX67QAWrwzZWPiUY&dib_tag=se&keywords=woodland+shops&qid=1710767052&refinements=p_90%3A6741118031&rnid=6741116031&sr=8-1 because of the following error:
SyntaxError: Failed to execute 'evaluate' on 'Document': The string 'https://www.amazon.in/Woodland-Leather-Sandal-8-GD-0491108NW/dp/B0BR5SQXYR/ref=sr_1_1?dd=F-Juw5blBzkRpB7GexthJQ%2C%2C&dib=eyJ2IjoiMSJ9.DYyfLRy-BRTqDmY3cJBXzorvSHu1tiYMI1XUEfmRvSftbSJlzSCoa7wbta6beHzu5KHC_-Ybd1tglKIfLtPYjVWu5RJ_jbf6H-iVMy2XvPJUKSdO_tfk8vhg--yN-TzlfVAL5p-cTdmliveAfqI62OYUjcBSJNOefMlJJd9RlrRI_FztwqrLjqEPO9B9cmPoDifhN4t5X76HKunAiAcB44z73oleiPMDFNhalaMggmBTxiLm660O9mEyShLd2zHVOm3zpvKeF96IkU49rOkxqkY_CCF-Ipq_qOxed0RJaiE._XmqdY7nly-5njK0HXcTtMFEVN5DX67QAWrwzZWPiUY&dib_tag=se&keywords=woodland+shops&qid=1710767052&refinements=p_90%3A6741118031&rnid=6741116031&sr=8-1' is not a valid XPath expression.
  (Session info: chrome=122.0.6261.129)
For documentation on this error, please visit: https://www.seleniumhq.org/exceptions/invalid_selector_exception.html
Build info: version: '3.141.59', revision: 'e82be7d358', time: '2018-11-14T08:17:03'
System info: host: 'DESKTOP-379HBJB', ip: '192.168.78.30', os.name: 'Windows 10', os.arch: 'amd64', os.version: '10.0', java.version: '17.0.6'
Driver info: org.openqa.selenium.chrome.ChromeDriver
Capabilities {acceptInsecureCerts: false, browserName: chrome, browserVersion: 122.0.6261.129, chrome: {chromedriverVersion: 122.0.6261.128 (f18a44fedeb..., userDataDir: C:\Users\YUGEND~1\AppData\L...}, fedcm:accounts: true, goog:chromeOptions: {debuggerAddress: localhost:57704}, javascriptEnabled: true, networkConnectionEnabled: false, pageLoadStrategy: normal, platform: WINDOWS, platformName: WINDOWS, proxy: Proxy(), setWindowRect: true, strictFileInteractability: false, timeouts: {implicit: 0, pageLoad: 300000, script: 30000}, unhandledPromptBehavior: dismiss and notify, webauthn:extension:credBlob: true, webauthn:extension:largeBlob: true, webauthn:extension:minPinLength: true, webauthn:extension:prf: true, webauthn:virtualAuthenticators: true}
Session ID: b7ae0926071b87d4ef83fc8a08349d64
*** Element info: {Using=xpath, value=https://www.amazon.in/Woodland-Leather-Sandal-8-GD-0491108NW/dp/B0BR5SQXYR/ref=sr_1_1?dd=F-Juw5blBzkRpB7GexthJQ%2C%2C&dib=eyJ2IjoiMSJ9.DYyfLRy-BRTqDmY3cJBXzorvSHu1tiYMI1XUEfmRvSftbSJlzSCoa7wbta6beHzu5KHC_-Ybd1tglKIfLtPYjVWu5RJ_jbf6H-iVMy2XvPJUKSdO_tfk8vhg--yN-TzlfVAL5p-cTdmliveAfqI62OYUjcBSJNOefMlJJd9RlrRI_FztwqrLjqEPO9B9cmPoDifhN4t5X76HKunAiAcB44z73oleiPMDFNhalaMggmBTxiLm660O9mEyShLd2zHVOm3zpvKeF96IkU49rOkxqkY_CCF-Ipq_qOxed0RJaiE._XmqdY7nly-5njK0HXcTtMFEVN5DX67QAWrwzZWPiUY&dib_tag=se&keywords=woodland+shops&qid=1710767052&refinements=p_90%3A6741118031&rnid=6741116031&sr=8-1}
at java.base/jdk.internal.reflect.NativeConstructorAccessorImpl.newInstance0(Native Method)
at java.base/jdk.internal.reflect.NativeConstructorAccessorImpl.newInstance(NativeConstructorAccessorImpl.java:77)
at java.base/jdk.internal.reflect.DelegatingConstructorAccessorImpl.newInstance(DelegatingConstructorAccessorImpl.java:45)
at java.base/java.lang.reflect.Constructor.newInstanceWithCaller(Constructor.java:499)
at java.base/java.lang.reflect.Constructor.newInstance(Constructor.java:480)
at org.openqa.selenium.remote.http.W3CHttpResponseCodec.createException(W3CHttpResponseCodec.java:187)
at org.openqa.selenium.remote.http.W3CHttpResponseCodec.decode(W3CHttpResponseCodec.java:122)
at org.openqa.selenium.remote.http.W3CHttpResponseCodec.decode(W3CHttpResponseCodec.java:49)
at org.openqa.selenium.remote.HttpCommandExecutor.execute(HttpCommandExecutor.java:158)
at org.openqa.selenium.remote.service.DriverCommandExecutor.execute(DriverCommandExecutor.java:83)
at org.openqa.selenium.remote.RemoteWebDriver.execute(RemoteWebDriver.java:552)
at org.openqa.selenium.remote.RemoteWebDriver.findElement(RemoteWebDriver.java:323)
at org.openqa.selenium.remote.RemoteWebDriver.findElementByXPath(RemoteWebDriver.java:428)
at org.openqa.selenium.By$ByXPath.findElement(By.java:353)
at org.openqa.selenium.remote.RemoteWebDriver.findElement(RemoteWebDriver.java:315)
at Pack2.Practice2.opensite(Practice2.java:59)
at java.base/jdk.internal.reflect.NativeMethodAccessorImpl.invoke0(Native Method)
at java.base/jdk.internal.reflect.NativeMethodAccessorImpl.invoke(NativeMethodAccessorImpl.java:77)
at java.base/jdk.internal.reflect.DelegatingMethodAccessorImpl.invoke(DelegatingMethodAccessorImpl.java:43)
at java.base/java.lang.reflect.Method.invoke(Method.java:568)
at org.testng.internal.MethodInvocationHelper.invokeMethod(MethodInvocationHelper.java:133)
at org.testng.internal.TestInvoker.invokeMethod(TestInvoker.java:598)
at org.testng.internal.TestInvoker.invokeTestMethod(TestInvoker.java:173)
at org.testng.internal.MethodRunner.runInSequence(MethodRunner.java:46)
at org.testng.internal.TestInvoker$MethodInvocationAgent.invoke(TestInvoker.java:824)
at org.testng.internal.TestInvoker.invokeTestMethods(TestInvoker.java:146)
at org.testng.internal.TestMethodWorker.invokeTestMethods(TestMethodWorker.java:146)
at org.testng.internal.TestMethodWorker.run(TestMethodWorker.java:128)
at java.base/java.util.ArrayList.forEach(ArrayList.java:1511)
at org.testng.TestRunner.privateRun(TestRunner.java:794)
at org.testng.TestRunner.run(TestRunner.java:596)
at org.testng.SuiteRunner.runTest(SuiteRunner.java:377)
at org.testng.SuiteRunner.runSequentially(SuiteRunner.java:371)
at org.testng.SuiteRunner.privateRun(SuiteRunner.java:332)
at org.testng.SuiteRunner.run(SuiteRunner.java:276)
at org.testng.SuiteRunnerWorker.runSuite(SuiteRunnerWorker.java:53)
at org.testng.SuiteRunnerWorker.run(SuiteRunnerWorker.java:96)
at org.testng.TestNG.runSuitesSequentially(TestNG.java:1212)
at org.testng.TestNG.runSuitesLocally(TestNG.java:1134)
at org.testng.TestNG.runSuites(TestNG.java:1063)
at org.testng.TestNG.run(TestNG.java:1031)
at org.testng.remote.AbstractRemoteTestNG.run(AbstractRemoteTestNG.java:115)
at org.testng.remote.RemoteTestNG.initAndRun(RemoteTestNG.java:251)
at org.testng.remote.RemoteTestNG.main(RemoteTestNG.java:77)
]]>
    </error>
  </testcase> <!-- opensite -->
  <system-out/>
  <testcase classname="Pack2.Practice2" name="signinfunction">
    <skipped/>
  </testcase> <!-- signinfunction -->
  <system-out/>
</testsuite> <!-- Pack2.Practice2 -->
